<?xml version="1.0" encoding="UTF-8"?>
<testng-results skipped="0" failed="0" ignored="0" total="2" passed="2">
  <reporter-output>
  </reporter-output>
  <suite name="Default suite" duration-ms="30420" started-at="2021-06-01T18:06:46Z" finished-at="2021-06-01T18:07:16Z">
    <groups>
    </groups>
    <test name="Default test" duration-ms="30420" started-at="2021-06-01T18:06:46Z" finished-at="2021-06-01T18:07:16Z">
      <class name="test.TestNG">
        <test-method status="PASS" signature="createDriver()[pri:0, instance:test.TestNG@77caeb3e]" name="createDriver" is-config="true" duration-ms="8899" started-at="2021-06-01T18:06:46Z" finished-at="2021-06-01T18:06:55Z">
          <reporter-output>
          </reporter-output>
        </test-method> <!-- createDriver -->
        <test-method status="PASS" signature="logIn()[pri:0, instance:test.TestNG@77caeb3e]" name="logIn" duration-ms="14601" started-at="2021-06-01T18:06:55Z" finished-at="2021-06-01T18:07:09Z">
          <reporter-output>
          </reporter-output>
        </test-method> <!-- logIn -->
        <test-method status="PASS" signature="sort()[pri:0, instance:test.TestNG@77caeb3e]" name="sort" duration-ms="6716" started-at="2021-06-01T18:07:09Z" finished-at="2021-06-01T18:07:16Z">
          <reporter-output>
          </reporter-output>
        </test-method> <!-- sort -->
      </class> <!-- test.TestNG -->
    </test> <!-- Default test -->
  </suite> <!-- Default suite -->
</testng-results>
